<?xml version="1.0" encoding="UTF-8"?>
<!-- Generated by org.testng.reporters.JUnitReportReporter -->
<testsuite hostname="Narasimha" failures="0" tests="1" name="SpiceJectTest.BookRundTrip" time="55.636" errors="0" timestamp="2024-03-25T11:03:20 IST" skipped="0">
  <testcase classname="SpiceJectTest.BookRundTrip" name="bookOneWayTickect" time="55.636"/>
</testsuite> <!-- SpiceJectTest.BookRundTrip -->
