<?xml version="1.0" encoding="UTF-8"?>
<!-- Generated by org.testng.reporters.JUnitReportReporter -->
<testsuite hostname="Narasimha" failures="0" tests="1" name="SpiceJectTest.NewTest" time="25.640" errors="0" timestamp="2024-03-25T14:29:44 IST" skipped="0">
  <testcase classname="SpiceJectTest.NewTest" name="SignUpTest" time="25.640"/>
</testsuite> <!-- SpiceJectTest.NewTest -->
