<?xml version="1.0" encoding="UTF-8"?>
<!-- Generated by org.testng.reporters.JUnitReportReporter -->
<testsuite hostname="Narasimha" failures="0" tests="1" name="SpiceJectTest.Test" time="0.031" errors="0" timestamp="2024-03-24T19:56:52 IST" skipped="0">
  <testcase classname="SpiceJectTest.Test" name="meth" time="0.031"/>
</testsuite> <!-- SpiceJectTest.Test -->
